0 info it worked if it ends with ok
1 verbose cli [ '/usr/bin/nodejs',
1 verbose cli   '/usr/bin/npm',
1 verbose cli   'install',
1 verbose cli   '--save-dev',
1 verbose cli   'backbone.d3' ]
2 info using npm@2.14.12
3 info using node@v4.3.0
4 verbose install initial load of /raid/vugluskr/projects/node-linux-rest/package.json
5 warn package.json dimaadmin@1.0.0 No repository field.
6 verbose installManyTop reading scoped package data from /raid/vugluskr/projects/node-linux-rest/node_modules/async/package.json
7 verbose installManyTop reading scoped package data from /raid/vugluskr/projects/node-linux-rest/node_modules/backbone/package.json
8 verbose installManyTop reading scoped package data from /raid/vugluskr/projects/node-linux-rest/node_modules/backbone-orm/package.json
9 verbose installManyTop reading scoped package data from /raid/vugluskr/projects/node-linux-rest/node_modules/backbone-rest/package.json
10 verbose installManyTop reading scoped package data from /raid/vugluskr/projects/node-linux-rest/node_modules/backbone-sql/package.json
11 verbose installManyTop reading scoped package data from /raid/vugluskr/projects/node-linux-rest/node_modules/body-parser/package.json
12 verbose installManyTop reading scoped package data from /raid/vugluskr/projects/node-linux-rest/node_modules/express/package.json
13 verbose installManyTop reading scoped package data from /raid/vugluskr/projects/node-linux-rest/node_modules/gulp/package.json
14 verbose installManyTop reading scoped package data from /raid/vugluskr/projects/node-linux-rest/node_modules/gulp-webserver/package.json
15 verbose installManyTop reading scoped package data from /raid/vugluskr/projects/node-linux-rest/node_modules/nconf/package.json
16 verbose installManyTop reading scoped package data from /raid/vugluskr/projects/node-linux-rest/node_modules/sqlite3/package.json
17 verbose installManyTop reading scoped package data from /raid/vugluskr/projects/node-linux-rest/node_modules/underscore/package.json
18 verbose readDependencies loading dependencies from /raid/vugluskr/projects/node-linux-rest/package.json
19 silly cache add args [ 'backbone.d3', null ]
20 verbose cache add spec backbone.d3
21 silly cache add parsed spec Result {
21 silly cache add   raw: 'backbone.d3',
21 silly cache add   scope: null,
21 silly cache add   name: 'backbone.d3',
21 silly cache add   rawSpec: '',
21 silly cache add   spec: 'latest',
21 silly cache add   type: 'tag' }
22 silly addNamed backbone.d3@latest
23 verbose addNamed "latest" is being treated as a dist-tag for backbone.d3
24 info addNameTag [ 'backbone.d3', 'latest' ]
25 silly mapToRegistry name backbone.d3
26 silly mapToRegistry using default registry
27 silly mapToRegistry registry https://registry.npmjs.org/
28 silly mapToRegistry uri https://registry.npmjs.org/backbone.d3
29 verbose addNameTag registry:https://registry.npmjs.org/backbone.d3 not in flight; fetching
30 verbose request uri https://registry.npmjs.org/backbone.d3
31 verbose request no auth needed
32 info attempt registry request try #1 at 1:04:24 AM
33 verbose request id de0308c7533eb668
34 http request GET https://registry.npmjs.org/backbone.d3
35 http 404 https://registry.npmjs.org/backbone.d3
36 verbose headers { 'content-type': 'application/json',
36 verbose headers   'cache-control': 'max-age=0',
36 verbose headers   'content-length': '2',
36 verbose headers   'accept-ranges': 'bytes',
36 verbose headers   date: 'Fri, 12 Feb 2016 20:04:21 GMT',
36 verbose headers   via: '1.1 varnish',
36 verbose headers   age: '0',
36 verbose headers   connection: 'keep-alive',
36 verbose headers   'x-served-by': 'cache-ams4133-AMS',
36 verbose headers   'x-cache': 'MISS',
36 verbose headers   'x-cache-hits': '0',
36 verbose headers   'x-timer': 'S1455307461.655582,VS0,VE104' }
37 silly get cb [ 404,
37 silly get   { 'content-type': 'application/json',
37 silly get     'cache-control': 'max-age=0',
37 silly get     'content-length': '2',
37 silly get     'accept-ranges': 'bytes',
37 silly get     date: 'Fri, 12 Feb 2016 20:04:21 GMT',
37 silly get     via: '1.1 varnish',
37 silly get     age: '0',
37 silly get     connection: 'keep-alive',
37 silly get     'x-served-by': 'cache-ams4133-AMS',
37 silly get     'x-cache': 'MISS',
37 silly get     'x-cache-hits': '0',
37 silly get     'x-timer': 'S1455307461.655582,VS0,VE104' } ]
38 verbose stack Error: Registry returned 404 for GET on https://registry.npmjs.org/backbone.d3
38 verbose stack     at makeError (/usr/lib/node_modules/npm/node_modules/npm-registry-client/lib/request.js:264:12)
38 verbose stack     at CachingRegistryClient.<anonymous> (/usr/lib/node_modules/npm/node_modules/npm-registry-client/lib/request.js:242:14)
38 verbose stack     at Request._callback (/usr/lib/node_modules/npm/node_modules/npm-registry-client/lib/request.js:172:14)
38 verbose stack     at Request.self.callback (/usr/lib/node_modules/npm/node_modules/request/request.js:198:22)
38 verbose stack     at emitTwo (events.js:87:13)
38 verbose stack     at Request.emit (events.js:172:7)
38 verbose stack     at Request.<anonymous> (/usr/lib/node_modules/npm/node_modules/request/request.js:1082:10)
38 verbose stack     at emitOne (events.js:82:20)
38 verbose stack     at Request.emit (events.js:169:7)
38 verbose stack     at IncomingMessage.<anonymous> (/usr/lib/node_modules/npm/node_modules/request/request.js:1009:12)
39 verbose statusCode 404
40 verbose pkgid backbone.d3
41 verbose cwd /raid/vugluskr/projects/node-linux-rest
42 error Linux 3.19.0-47-generic
43 error argv "/usr/bin/nodejs" "/usr/bin/npm" "install" "--save-dev" "backbone.d3"
44 error node v4.3.0
45 error npm  v2.14.12
46 error code E404
47 error 404 Registry returned 404 for GET on https://registry.npmjs.org/backbone.d3
47 error 404
47 error 404 'backbone.d3' is not in the npm registry.
47 error 404 You should bug the author to publish it (or use the name yourself!)
47 error 404 It was specified as a dependency of 'dimaadmin'
47 error 404
47 error 404 Note that you can also install from a
47 error 404 tarball, folder, http url, or git url.
48 verbose exit [ 1, true ]
